{"C:\\Users\\JR\\Documents\\Sexto Semestre\\Programacion integrativa de componentes Web\\Parcial 2\\Proyecto\\ProyectoU2_PICW\\proyecto-simpson\\src\\components\\index.jsx": {"path":"C:\\Users\\JR\\Documents\\Sexto Semestre\\Programacion integrativa de componentes Web\\Parcial 2\\Proyecto\\ProyectoU2_PICW\\proyecto-simpson\\src\\components\\index.jsx","statementMap":{},"fnMap":{},"branchMap":{},"s":{},"f":{},"b":{},"_coverageSchema":"1a1c01bbd47fc00a2c39e90264f33305004495a9","hash":"f96394f7f6c595e9d804bce92f0694e5ad5a5ae8"}
,"C:\\Users\\JR\\Documents\\Sexto Semestre\\Programacion integrativa de componentes Web\\Parcial 2\\Proyecto\\ProyectoU2_PICW\\proyecto-simpson\\src\\components\\footer\\footer.jsx": {"path":"C:\\Users\\JR\\Documents\\Sexto Semestre\\Programacion integrativa de componentes Web\\Parcial 2\\Proyecto\\ProyectoU2_PICW\\proyecto-simpson\\src\\components\\footer\\footer.jsx","statementMap":{"0":{"start":{"line":4,"column":22},"end":{"line":12,"column":1}},"1":{"start":{"line":5,"column":2},"end":{"line":11,"column":4}}},"fnMap":{"0":{"name":"(anonymous_0)","decl":{"start":{"line":4,"column":22},"end":{"line":4,"column":23}},"loc":{"start":{"line":4,"column":28},"end":{"line":12,"column":1}},"line":4}},"branchMap":{},"s":{"0":4,"1":0},"f":{"0":0},"b":{},"_coverageSchema":"1a1c01bbd47fc00a2c39e90264f33305004495a9","hash":"70f797e12e21dbc2d409b7ee312f8ec41403cce3"}
,"C:\\Users\\JR\\Documents\\Sexto Semestre\\Programacion integrativa de componentes Web\\Parcial 2\\Proyecto\\ProyectoU2_PICW\\proyecto-simpson\\src\\components\\footer\\index.jsx": {"path":"C:\\Users\\JR\\Documents\\Sexto Semestre\\Programacion integrativa de componentes Web\\Parcial 2\\Proyecto\\ProyectoU2_PICW\\proyecto-simpson\\src\\components\\footer\\index.jsx","statementMap":{},"fnMap":{},"branchMap":{},"s":{},"f":{},"b":{},"_coverageSchema":"1a1c01bbd47fc00a2c39e90264f33305004495a9","hash":"1d1671c0fef9f386a444bec7d7b76a88a4118f28"}
,"C:\\Users\\JR\\Documents\\Sexto Semestre\\Programacion integrativa de componentes Web\\Parcial 2\\Proyecto\\ProyectoU2_PICW\\proyecto-simpson\\src\\components\\input-field\\index.jsx": {"path":"C:\\Users\\JR\\Documents\\Sexto Semestre\\Programacion integrativa de componentes Web\\Parcial 2\\Proyecto\\ProyectoU2_PICW\\proyecto-simpson\\src\\components\\input-field\\index.jsx","statementMap":{},"fnMap":{},"branchMap":{},"s":{},"f":{},"b":{},"_coverageSchema":"1a1c01bbd47fc00a2c39e90264f33305004495a9","hash":"f228bbbf5d6332d2dfce72e777c26da62ef3af87"}
,"C:\\Users\\JR\\Documents\\Sexto Semestre\\Programacion integrativa de componentes Web\\Parcial 2\\Proyecto\\ProyectoU2_PICW\\proyecto-simpson\\src\\components\\input-field\\input-field.jsx": {"path":"C:\\Users\\JR\\Documents\\Sexto Semestre\\Programacion integrativa de componentes Web\\Parcial 2\\Proyecto\\ProyectoU2_PICW\\proyecto-simpson\\src\\components\\input-field\\input-field.jsx","statementMap":{"0":{"start":{"line":4,"column":26},"end":{"line":29,"column":1}},"1":{"start":{"line":5,"column":2},"end":{"line":28,"column":4}}},"fnMap":{"0":{"name":"(anonymous_0)","decl":{"start":{"line":4,"column":26},"end":{"line":4,"column":27}},"loc":{"start":{"line":4,"column":106},"end":{"line":29,"column":1}},"line":4}},"branchMap":{"0":{"loc":{"start":{"line":4,"column":40},"end":{"line":4,"column":53}},"type":"default-arg","locations":[{"start":{"line":4,"column":47},"end":{"line":4,"column":53}}],"line":4},"1":{"loc":{"start":{"line":8,"column":7},"end":{"line":26,"column":7}},"type":"cond-expr","locations":[{"start":{"line":9,"column":8},"end":{"line":16,"column":10}},{"start":{"line":18,"column":8},"end":{"line":25,"column":10}}],"line":8},"2":{"loc":{"start":{"line":14,"column":16},"end":{"line":14,"column":25}},"type":"binary-expr","locations":[{"start":{"line":14,"column":16},"end":{"line":14,"column":20}},{"start":{"line":14,"column":24},"end":{"line":14,"column":25}}],"line":14}},"s":{"0":4,"1":9},"f":{"0":9},"b":{"0":[3],"1":[3,6],"2":[3,0]},"_coverageSchema":"1a1c01bbd47fc00a2c39e90264f33305004495a9","hash":"0985eaecc5198206d9f9bdbfc0ce44e953c7fb05"}
,"C:\\Users\\JR\\Documents\\Sexto Semestre\\Programacion integrativa de componentes Web\\Parcial 2\\Proyecto\\ProyectoU2_PICW\\proyecto-simpson\\src\\components\\navbar\\index.jsx": {"path":"C:\\Users\\JR\\Documents\\Sexto Semestre\\Programacion integrativa de componentes Web\\Parcial 2\\Proyecto\\ProyectoU2_PICW\\proyecto-simpson\\src\\components\\navbar\\index.jsx","statementMap":{},"fnMap":{},"branchMap":{},"s":{},"f":{},"b":{},"_coverageSchema":"1a1c01bbd47fc00a2c39e90264f33305004495a9","hash":"d0a0862c2080faefd06c9bb31447b7a6b3afeacf"}
,"C:\\Users\\JR\\Documents\\Sexto Semestre\\Programacion integrativa de componentes Web\\Parcial 2\\Proyecto\\ProyectoU2_PICW\\proyecto-simpson\\src\\components\\navbar\\navbar.jsx": {"path":"C:\\Users\\JR\\Documents\\Sexto Semestre\\Programacion integrativa de componentes Web\\Parcial 2\\Proyecto\\ProyectoU2_PICW\\proyecto-simpson\\src\\components\\navbar\\navbar.jsx","statementMap":{"0":{"start":{"line":6,"column":22},"end":{"line":60,"column":1}},"1":{"start":{"line":7,"column":19},"end":{"line":7,"column":32}},"2":{"start":{"line":8,"column":26},"end":{"line":8,"column":40}},"3":{"start":{"line":10,"column":2},"end":{"line":15,"column":9}},"4":{"start":{"line":11,"column":17},"end":{"line":11,"column":50}},"5":{"start":{"line":12,"column":4},"end":{"line":14,"column":5}},"6":{"start":{"line":13,"column":6},"end":{"line":13,"column":32}},"7":{"start":{"line":17,"column":22},"end":{"line":22,"column":3}},"8":{"start":{"line":19,"column":4},"end":{"line":21,"column":7}},"9":{"start":{"line":24,"column":23},"end":{"line":29,"column":3}},"10":{"start":{"line":25,"column":4},"end":{"line":25,"column":41}},"11":{"start":{"line":26,"column":4},"end":{"line":26,"column":18}},"12":{"start":{"line":27,"column":4},"end":{"line":27,"column":18}},"13":{"start":{"line":28,"column":4},"end":{"line":28,"column":29}},"14":{"start":{"line":31,"column":2},"end":{"line":59,"column":4}},"15":{"start":{"line":34,"column":36},"end":{"line":34,"column":57}},"16":{"start":{"line":37,"column":40},"end":{"line":37,"column":61}},"17":{"start":{"line":38,"column":46},"end":{"line":38,"column":67}},"18":{"start":{"line":39,"column":46},"end":{"line":39,"column":67}},"19":{"start":{"line":40,"column":48},"end":{"line":40,"column":71}},"20":{"start":{"line":41,"column":51},"end":{"line":41,"column":77}},"21":{"start":{"line":42,"column":49},"end":{"line":42,"column":73}},"22":{"start":{"line":43,"column":52},"end":{"line":43,"column":79}},"23":{"start":{"line":55,"column":47},"end":{"line":55,"column":67}}},"fnMap":{"0":{"name":"(anonymous_0)","decl":{"start":{"line":6,"column":22},"end":{"line":6,"column":23}},"loc":{"start":{"line":6,"column":28},"end":{"line":60,"column":1}},"line":6},"1":{"name":"(anonymous_1)","decl":{"start":{"line":10,"column":12},"end":{"line":10,"column":13}},"loc":{"start":{"line":10,"column":18},"end":{"line":15,"column":3}},"line":10},"2":{"name":"(anonymous_2)","decl":{"start":{"line":17,"column":22},"end":{"line":17,"column":23}},"loc":{"start":{"line":17,"column":34},"end":{"line":22,"column":3}},"line":17},"3":{"name":"(anonymous_3)","decl":{"start":{"line":19,"column":34},"end":{"line":19,"column":35}},"loc":{"start":{"line":19,"column":40},"end":{"line":21,"column":5}},"line":19},"4":{"name":"(anonymous_4)","decl":{"start":{"line":24,"column":23},"end":{"line":24,"column":24}},"loc":{"start":{"line":24,"column":29},"end":{"line":29,"column":3}},"line":24},"5":{"name":"(anonymous_5)","decl":{"start":{"line":34,"column":30},"end":{"line":34,"column":31}},"loc":{"start":{"line":34,"column":36},"end":{"line":34,"column":57}},"line":34},"6":{"name":"(anonymous_6)","decl":{"start":{"line":37,"column":34},"end":{"line":37,"column":35}},"loc":{"start":{"line":37,"column":40},"end":{"line":37,"column":61}},"line":37},"7":{"name":"(anonymous_7)","decl":{"start":{"line":38,"column":40},"end":{"line":38,"column":41}},"loc":{"start":{"line":38,"column":46},"end":{"line":38,"column":67}},"line":38},"8":{"name":"(anonymous_8)","decl":{"start":{"line":39,"column":40},"end":{"line":39,"column":41}},"loc":{"start":{"line":39,"column":46},"end":{"line":39,"column":67}},"line":39},"9":{"name":"(anonymous_9)","decl":{"start":{"line":40,"column":42},"end":{"line":40,"column":43}},"loc":{"start":{"line":40,"column":48},"end":{"line":40,"column":71}},"line":40},"10":{"name":"(anonymous_10)","decl":{"start":{"line":41,"column":45},"end":{"line":41,"column":46}},"loc":{"start":{"line":41,"column":51},"end":{"line":41,"column":77}},"line":41},"11":{"name":"(anonymous_11)","decl":{"start":{"line":42,"column":43},"end":{"line":42,"column":44}},"loc":{"start":{"line":42,"column":49},"end":{"line":42,"column":73}},"line":42},"12":{"name":"(anonymous_12)","decl":{"start":{"line":43,"column":46},"end":{"line":43,"column":47}},"loc":{"start":{"line":43,"column":52},"end":{"line":43,"column":79}},"line":43},"13":{"name":"(anonymous_13)","decl":{"start":{"line":55,"column":41},"end":{"line":55,"column":42}},"loc":{"start":{"line":55,"column":47},"end":{"line":55,"column":67}},"line":55}},"branchMap":{"0":{"loc":{"start":{"line":12,"column":4},"end":{"line":14,"column":5}},"type":"if","locations":[{"start":{"line":12,"column":4},"end":{"line":14,"column":5}},{"start":{},"end":{}}],"line":12},"1":{"loc":{"start":{"line":44,"column":9},"end":{"line":56,"column":9}},"type":"cond-expr","locations":[{"start":{"line":45,"column":10},"end":{"line":53,"column":15}},{"start":{"line":55,"column":10},"end":{"line":55,"column":188}}],"line":44}},"s":{"0":5,"1":1,"2":1,"3":1,"4":1,"5":1,"6":0,"7":1,"8":0,"9":1,"10":0,"11":0,"12":0,"13":0,"14":1,"15":0,"16":0,"17":0,"18":0,"19":0,"20":0,"21":0,"22":0,"23":0},"f":{"0":1,"1":1,"2":0,"3":0,"4":0,"5":0,"6":0,"7":0,"8":0,"9":0,"10":0,"11":0,"12":0,"13":0},"b":{"0":[0,1],"1":[0,1]},"_coverageSchema":"1a1c01bbd47fc00a2c39e90264f33305004495a9","hash":"4724af48d395db3a4fe93dfca741ae8afd9652cc"}
,"C:\\Users\\JR\\Documents\\Sexto Semestre\\Programacion integrativa de componentes Web\\Parcial 2\\Proyecto\\ProyectoU2_PICW\\proyecto-simpson\\src\\components\\simpson-form\\index.jsx": {"path":"C:\\Users\\JR\\Documents\\Sexto Semestre\\Programacion integrativa de componentes Web\\Parcial 2\\Proyecto\\ProyectoU2_PICW\\proyecto-simpson\\src\\components\\simpson-form\\index.jsx","statementMap":{},"fnMap":{},"branchMap":{},"s":{},"f":{},"b":{},"_coverageSchema":"1a1c01bbd47fc00a2c39e90264f33305004495a9","hash":"8e04a8ef1051b6cef4abee912c14bd583a444ed6"}
,"C:\\Users\\JR\\Documents\\Sexto Semestre\\Programacion integrativa de componentes Web\\Parcial 2\\Proyecto\\ProyectoU2_PICW\\proyecto-simpson\\src\\components\\simpson-form\\simpson-form.jsx": {"path":"C:\\Users\\JR\\Documents\\Sexto Semestre\\Programacion integrativa de componentes Web\\Parcial 2\\Proyecto\\ProyectoU2_PICW\\proyecto-simpson\\src\\components\\simpson-form\\simpson-form.jsx","statementMap":{"0":{"start":{"line":6,"column":27},"end":{"line":121,"column":1}},"1":{"start":{"line":7,"column":38},"end":{"line":7,"column":53}},"2":{"start":{"line":8,"column":20},"end":{"line":8,"column":32}},"3":{"start":{"line":9,"column":20},"end":{"line":9,"column":32}},"4":{"start":{"line":10,"column":20},"end":{"line":10,"column":32}},"5":{"start":{"line":11,"column":36},"end":{"line":11,"column":50}},"6":{"start":{"line":12,"column":28},"end":{"line":12,"column":42}},"7":{"start":{"line":14,"column":2},"end":{"line":16,"column":9}},"8":{"start":{"line":15,"column":4},"end":{"line":15,"column":52}},"9":{"start":{"line":18,"column":25},"end":{"line":46,"column":3}},"10":{"start":{"line":19,"column":4},"end":{"line":19,"column":23}},"11":{"start":{"line":20,"column":4},"end":{"line":20,"column":19}},"12":{"start":{"line":21,"column":4},"end":{"line":21,"column":23}},"13":{"start":{"line":23,"column":17},"end":{"line":23,"column":30}},"14":{"start":{"line":24,"column":17},"end":{"line":24,"column":30}},"15":{"start":{"line":25,"column":17},"end":{"line":25,"column":32}},"16":{"start":{"line":27,"column":4},"end":{"line":30,"column":5}},"17":{"start":{"line":28,"column":6},"end":{"line":28,"column":54}},"18":{"start":{"line":29,"column":6},"end":{"line":29,"column":13}},"19":{"start":{"line":32,"column":4},"end":{"line":45,"column":5}},"20":{"start":{"line":33,"column":18},"end":{"line":33,"column":57}},"21":{"start":{"line":34,"column":6},"end":{"line":34,"column":24}},"22":{"start":{"line":37,"column":6},"end":{"line":39,"column":9}},"23":{"start":{"line":38,"column":8},"end":{"line":38,"column":69}},"24":{"start":{"line":42,"column":6},"end":{"line":42,"column":49}},"25":{"start":{"line":44,"column":6},"end":{"line":44,"column":28}},"26":{"start":{"line":48,"column":2},"end":{"line":120,"column":4}},"27":{"start":{"line":56,"column":29},"end":{"line":56,"column":58}},"28":{"start":{"line":70,"column":31},"end":{"line":70,"column":51}},"29":{"start":{"line":82,"column":31},"end":{"line":82,"column":51}},"30":{"start":{"line":95,"column":29},"end":{"line":95,"column":49}}},"fnMap":{"0":{"name":"(anonymous_0)","decl":{"start":{"line":6,"column":27},"end":{"line":6,"column":28}},"loc":{"start":{"line":6,"column":33},"end":{"line":121,"column":1}},"line":6},"1":{"name":"(anonymous_1)","decl":{"start":{"line":14,"column":12},"end":{"line":14,"column":13}},"loc":{"start":{"line":14,"column":18},"end":{"line":16,"column":3}},"line":14},"2":{"name":"(anonymous_2)","decl":{"start":{"line":15,"column":41},"end":{"line":15,"column":42}},"loc":{"start":{"line":15,"column":47},"end":{"line":15,"column":50}},"line":15},"3":{"name":"(anonymous_3)","decl":{"start":{"line":18,"column":25},"end":{"line":18,"column":26}},"loc":{"start":{"line":18,"column":38},"end":{"line":46,"column":3}},"line":18},"4":{"name":"(anonymous_4)","decl":{"start":{"line":37,"column":62},"end":{"line":37,"column":63}},"loc":{"start":{"line":37,"column":68},"end":{"line":39,"column":7}},"line":37},"5":{"name":"(anonymous_5)","decl":{"start":{"line":42,"column":39},"end":{"line":42,"column":40}},"loc":{"start":{"line":42,"column":45},"end":{"line":42,"column":47}},"line":42},"6":{"name":"(anonymous_6)","decl":{"start":{"line":56,"column":22},"end":{"line":56,"column":23}},"loc":{"start":{"line":56,"column":29},"end":{"line":56,"column":58}},"line":56},"7":{"name":"(anonymous_7)","decl":{"start":{"line":70,"column":24},"end":{"line":70,"column":25}},"loc":{"start":{"line":70,"column":31},"end":{"line":70,"column":51}},"line":70},"8":{"name":"(anonymous_8)","decl":{"start":{"line":82,"column":24},"end":{"line":82,"column":25}},"loc":{"start":{"line":82,"column":31},"end":{"line":82,"column":51}},"line":82},"9":{"name":"(anonymous_9)","decl":{"start":{"line":95,"column":22},"end":{"line":95,"column":23}},"loc":{"start":{"line":95,"column":29},"end":{"line":95,"column":49}},"line":95}},"branchMap":{"0":{"loc":{"start":{"line":27,"column":4},"end":{"line":30,"column":5}},"type":"if","locations":[{"start":{"line":27,"column":4},"end":{"line":30,"column":5}},{"start":{},"end":{}}],"line":27},"1":{"loc":{"start":{"line":27,"column":8},"end":{"line":27,"column":49}},"type":"binary-expr","locations":[{"start":{"line":27,"column":8},"end":{"line":27,"column":19}},{"start":{"line":27,"column":23},"end":{"line":27,"column":34}},{"start":{"line":27,"column":38},"end":{"line":27,"column":49}}],"line":27},"2":{"loc":{"start":{"line":107,"column":7},"end":{"line":111,"column":7}},"type":"binary-expr","locations":[{"start":{"line":107,"column":7},"end":{"line":107,"column":12}},{"start":{"line":108,"column":8},"end":{"line":110,"column":14}}],"line":107},"3":{"loc":{"start":{"line":113,"column":7},"end":{"line":118,"column":7}},"type":"binary-expr","locations":[{"start":{"line":113,"column":7},"end":{"line":113,"column":25}},{"start":{"line":114,"column":8},"end":{"line":117,"column":14}}],"line":113}},"s":{"0":4,"1":3,"2":3,"3":3,"4":3,"5":3,"6":3,"7":3,"8":3,"9":3,"10":0,"11":0,"12":0,"13":0,"14":0,"15":0,"16":0,"17":0,"18":0,"19":0,"20":0,"21":0,"22":0,"23":0,"24":0,"25":0,"26":3,"27":0,"28":0,"29":0,"30":0},"f":{"0":3,"1":3,"2":0,"3":0,"4":0,"5":0,"6":0,"7":0,"8":0,"9":0},"b":{"0":[0,0],"1":[0,0,0],"2":[3,0],"3":[3,0]},"_coverageSchema":"1a1c01bbd47fc00a2c39e90264f33305004495a9","hash":"99c48bdf472a0d1a49cd314199a188ad73521c5c"}
,"C:\\Users\\JR\\Documents\\Sexto Semestre\\Programacion integrativa de componentes Web\\Parcial 2\\Proyecto\\ProyectoU2_PICW\\proyecto-simpson\\src\\components\\team-card\\index.jsx": {"path":"C:\\Users\\JR\\Documents\\Sexto Semestre\\Programacion integrativa de componentes Web\\Parcial 2\\Proyecto\\ProyectoU2_PICW\\proyecto-simpson\\src\\components\\team-card\\index.jsx","statementMap":{},"fnMap":{},"branchMap":{},"s":{},"f":{},"b":{},"_coverageSchema":"1a1c01bbd47fc00a2c39e90264f33305004495a9","hash":"c082744ca9cb4b4c6fd31fd8730e70e306536c06"}
,"C:\\Users\\JR\\Documents\\Sexto Semestre\\Programacion integrativa de componentes Web\\Parcial 2\\Proyecto\\ProyectoU2_PICW\\proyecto-simpson\\src\\components\\team-card\\team-card.jsx": {"path":"C:\\Users\\JR\\Documents\\Sexto Semestre\\Programacion integrativa de componentes Web\\Parcial 2\\Proyecto\\ProyectoU2_PICW\\proyecto-simpson\\src\\components\\team-card\\team-card.jsx","statementMap":{"0":{"start":{"line":4,"column":24},"end":{"line":21,"column":1}},"1":{"start":{"line":5,"column":2},"end":{"line":20,"column":4}}},"fnMap":{"0":{"name":"(anonymous_0)","decl":{"start":{"line":4,"column":24},"end":{"line":4,"column":25}},"loc":{"start":{"line":4,"column":66},"end":{"line":21,"column":1}},"line":4}},"branchMap":{"0":{"loc":{"start":{"line":7,"column":7},"end":{"line":11,"column":7}},"type":"cond-expr","locations":[{"start":{"line":8,"column":8},"end":{"line":8,"column":67}},{"start":{"line":10,"column":8},"end":{"line":10,"column":56}}],"line":7},"1":{"loc":{"start":{"line":14,"column":7},"end":{"line":18,"column":7}},"type":"binary-expr","locations":[{"start":{"line":14,"column":7},"end":{"line":14,"column":18}},{"start":{"line":15,"column":8},"end":{"line":17,"column":12}}],"line":14}},"s":{"0":4,"1":6},"f":{"0":6},"b":{"0":[6,0],"1":[6,6]},"_coverageSchema":"1a1c01bbd47fc00a2c39e90264f33305004495a9","hash":"bef27a3276f7c44001352caa1a5323a3e41d48eb"}
,"C:\\Users\\JR\\Documents\\Sexto Semestre\\Programacion integrativa de componentes Web\\Parcial 2\\Proyecto\\ProyectoU2_PICW\\proyecto-simpson\\src\\components\\tech-badge\\index.jsx": {"path":"C:\\Users\\JR\\Documents\\Sexto Semestre\\Programacion integrativa de componentes Web\\Parcial 2\\Proyecto\\ProyectoU2_PICW\\proyecto-simpson\\src\\components\\tech-badge\\index.jsx","statementMap":{},"fnMap":{},"branchMap":{},"s":{},"f":{},"b":{},"_coverageSchema":"1a1c01bbd47fc00a2c39e90264f33305004495a9","hash":"6946f242138532e6b8a1c5b88663a5d8b2e994d2"}
,"C:\\Users\\JR\\Documents\\Sexto Semestre\\Programacion integrativa de componentes Web\\Parcial 2\\Proyecto\\ProyectoU2_PICW\\proyecto-simpson\\src\\components\\tech-badge\\tech-badge.jsx": {"path":"C:\\Users\\JR\\Documents\\Sexto Semestre\\Programacion integrativa de componentes Web\\Parcial 2\\Proyecto\\ProyectoU2_PICW\\proyecto-simpson\\src\\components\\tech-badge\\tech-badge.jsx","statementMap":{"0":{"start":{"line":4,"column":25},"end":{"line":11,"column":1}},"1":{"start":{"line":5,"column":2},"end":{"line":10,"column":4}}},"fnMap":{"0":{"name":"(anonymous_0)","decl":{"start":{"line":4,"column":25},"end":{"line":4,"column":26}},"loc":{"start":{"line":4,"column":48},"end":{"line":11,"column":1}},"line":4}},"branchMap":{},"s":{"0":4,"1":18},"f":{"0":18},"b":{},"_coverageSchema":"1a1c01bbd47fc00a2c39e90264f33305004495a9","hash":"d3d0fd03b181ee1050d4924ad0a08eec04d71beb"}
,"C:\\Users\\JR\\Documents\\Sexto Semestre\\Programacion integrativa de componentes Web\\Parcial 2\\Proyecto\\ProyectoU2_PICW\\proyecto-simpson\\src\\pages\\acerca\\acerca.jsx": {"path":"C:\\Users\\JR\\Documents\\Sexto Semestre\\Programacion integrativa de componentes Web\\Parcial 2\\Proyecto\\ProyectoU2_PICW\\proyecto-simpson\\src\\pages\\acerca\\acerca.jsx","statementMap":{"0":{"start":{"line":7,"column":22},"end":{"line":78,"column":1}},"1":{"start":{"line":8,"column":2},"end":{"line":10,"column":9}},"2":{"start":{"line":9,"column":4},"end":{"line":9,"column":46}},"3":{"start":{"line":12,"column":22},"end":{"line":19,"column":3}},"4":{"start":{"line":21,"column":2},"end":{"line":77,"column":4}},"5":{"start":{"line":72,"column":12},"end":{"line":72,"column":77}}},"fnMap":{"0":{"name":"(anonymous_0)","decl":{"start":{"line":7,"column":22},"end":{"line":7,"column":23}},"loc":{"start":{"line":7,"column":28},"end":{"line":78,"column":1}},"line":7},"1":{"name":"(anonymous_1)","decl":{"start":{"line":8,"column":12},"end":{"line":8,"column":13}},"loc":{"start":{"line":8,"column":18},"end":{"line":10,"column":3}},"line":8},"2":{"name":"(anonymous_2)","decl":{"start":{"line":9,"column":36},"end":{"line":9,"column":37}},"loc":{"start":{"line":9,"column":42},"end":{"line":9,"column":44}},"line":9},"3":{"name":"(anonymous_3)","decl":{"start":{"line":71,"column":27},"end":{"line":71,"column":28}},"loc":{"start":{"line":72,"column":12},"end":{"line":72,"column":77}},"line":72}},"branchMap":{},"s":{"0":1,"1":3,"2":3,"3":3,"4":3,"5":18},"f":{"0":3,"1":3,"2":0,"3":18},"b":{},"_coverageSchema":"1a1c01bbd47fc00a2c39e90264f33305004495a9","hash":"73ca612ea3f473c2d04c6a3c555c7d5fe4bd2cad"}
,"C:\\Users\\JR\\Documents\\Sexto Semestre\\Programacion integrativa de componentes Web\\Parcial 2\\Proyecto\\ProyectoU2_PICW\\proyecto-simpson\\src\\pages\\calculadora\\calculadora.jsx": {"path":"C:\\Users\\JR\\Documents\\Sexto Semestre\\Programacion integrativa de componentes Web\\Parcial 2\\Proyecto\\ProyectoU2_PICW\\proyecto-simpson\\src\\pages\\calculadora\\calculadora.jsx","statementMap":{"0":{"start":{"line":5,"column":27},"end":{"line":30,"column":1}},"1":{"start":{"line":6,"column":2},"end":{"line":29,"column":4}}},"fnMap":{"0":{"name":"(anonymous_0)","decl":{"start":{"line":5,"column":27},"end":{"line":5,"column":28}},"loc":{"start":{"line":5,"column":33},"end":{"line":30,"column":1}},"line":5}},"branchMap":{},"s":{"0":1,"1":3},"f":{"0":3},"b":{},"_coverageSchema":"1a1c01bbd47fc00a2c39e90264f33305004495a9","hash":"ee710ddca53f9dbf17785340d29253416ea1c0aa"}
,"C:\\Users\\JR\\Documents\\Sexto Semestre\\Programacion integrativa de componentes Web\\Parcial 2\\Proyecto\\ProyectoU2_PICW\\proyecto-simpson\\src\\pages\\contactos\\contactos.jsx": {"path":"C:\\Users\\JR\\Documents\\Sexto Semestre\\Programacion integrativa de componentes Web\\Parcial 2\\Proyecto\\ProyectoU2_PICW\\proyecto-simpson\\src\\pages\\contactos\\contactos.jsx","statementMap":{"0":{"start":{"line":7,"column":25},"end":{"line":92,"column":1}},"1":{"start":{"line":8,"column":30},"end":{"line":8,"column":42}},"2":{"start":{"line":9,"column":28},"end":{"line":9,"column":40}},"3":{"start":{"line":10,"column":32},"end":{"line":10,"column":44}},"4":{"start":{"line":11,"column":28},"end":{"line":11,"column":43}},"5":{"start":{"line":12,"column":28},"end":{"line":12,"column":40}},"6":{"start":{"line":14,"column":2},"end":{"line":16,"column":9}},"7":{"start":{"line":15,"column":4},"end":{"line":15,"column":49}},"8":{"start":{"line":18,"column":23},"end":{"line":32,"column":3}},"9":{"start":{"line":19,"column":4},"end":{"line":19,"column":23}},"10":{"start":{"line":20,"column":4},"end":{"line":20,"column":17}},"11":{"start":{"line":21,"column":4},"end":{"line":21,"column":20}},"12":{"start":{"line":23,"column":4},"end":{"line":31,"column":5}},"13":{"start":{"line":24,"column":6},"end":{"line":24,"column":52}},"14":{"start":{"line":25,"column":6},"end":{"line":25,"column":21}},"15":{"start":{"line":26,"column":6},"end":{"line":26,"column":20}},"16":{"start":{"line":27,"column":6},"end":{"line":27,"column":19}},"17":{"start":{"line":28,"column":6},"end":{"line":28,"column":21}},"18":{"start":{"line":30,"column":6},"end":{"line":30,"column":75}},"19":{"start":{"line":34,"column":2},"end":{"line":91,"column":4}},"20":{"start":{"line":61,"column":27},"end":{"line":61,"column":52}},"21":{"start":{"line":71,"column":27},"end":{"line":71,"column":51}},"22":{"start":{"line":81,"column":27},"end":{"line":81,"column":53}}},"fnMap":{"0":{"name":"(anonymous_0)","decl":{"start":{"line":7,"column":25},"end":{"line":7,"column":26}},"loc":{"start":{"line":7,"column":31},"end":{"line":92,"column":1}},"line":7},"1":{"name":"(anonymous_1)","decl":{"start":{"line":14,"column":12},"end":{"line":14,"column":13}},"loc":{"start":{"line":14,"column":18},"end":{"line":16,"column":3}},"line":14},"2":{"name":"(anonymous_2)","decl":{"start":{"line":15,"column":39},"end":{"line":15,"column":40}},"loc":{"start":{"line":15,"column":45},"end":{"line":15,"column":47}},"line":15},"3":{"name":"(anonymous_3)","decl":{"start":{"line":18,"column":23},"end":{"line":18,"column":24}},"loc":{"start":{"line":18,"column":36},"end":{"line":32,"column":3}},"line":18},"4":{"name":"(anonymous_4)","decl":{"start":{"line":61,"column":20},"end":{"line":61,"column":21}},"loc":{"start":{"line":61,"column":27},"end":{"line":61,"column":52}},"line":61},"5":{"name":"(anonymous_5)","decl":{"start":{"line":71,"column":20},"end":{"line":71,"column":21}},"loc":{"start":{"line":71,"column":27},"end":{"line":71,"column":51}},"line":71},"6":{"name":"(anonymous_6)","decl":{"start":{"line":81,"column":20},"end":{"line":81,"column":21}},"loc":{"start":{"line":81,"column":27},"end":{"line":81,"column":53}},"line":81}},"branchMap":{"0":{"loc":{"start":{"line":41,"column":7},"end":{"line":47,"column":7}},"type":"binary-expr","locations":[{"start":{"line":41,"column":7},"end":{"line":41,"column":12}},{"start":{"line":42,"column":8},"end":{"line":46,"column":14}}],"line":41},"1":{"loc":{"start":{"line":49,"column":7},"end":{"line":53,"column":7}},"type":"binary-expr","locations":[{"start":{"line":49,"column":7},"end":{"line":49,"column":12}},{"start":{"line":50,"column":8},"end":{"line":52,"column":14}}],"line":49}},"s":{"0":1,"1":3,"2":3,"3":3,"4":3,"5":3,"6":3,"7":3,"8":3,"9":0,"10":0,"11":0,"12":0,"13":0,"14":0,"15":0,"16":0,"17":0,"18":0,"19":3,"20":0,"21":0,"22":0},"f":{"0":3,"1":3,"2":0,"3":0,"4":0,"5":0,"6":0},"b":{"0":[3,0],"1":[3,0]},"_coverageSchema":"1a1c01bbd47fc00a2c39e90264f33305004495a9","hash":"1b09f31e267898e9ed76fcd33d7afd9f71afd3a3"}
,"C:\\Users\\JR\\Documents\\Sexto Semestre\\Programacion integrativa de componentes Web\\Parcial 2\\Proyecto\\ProyectoU2_PICW\\proyecto-simpson\\src\\pages\\equipo\\equipo.jsx": {"path":"C:\\Users\\JR\\Documents\\Sexto Semestre\\Programacion integrativa de componentes Web\\Parcial 2\\Proyecto\\ProyectoU2_PICW\\proyecto-simpson\\src\\pages\\equipo\\equipo.jsx","statementMap":{"0":{"start":{"line":6,"column":20},"end":{"line":21,"column":1}},"1":{"start":{"line":23,"column":22},"end":{"line":50,"column":1}},"2":{"start":{"line":24,"column":2},"end":{"line":26,"column":9}},"3":{"start":{"line":25,"column":4},"end":{"line":25,"column":47}},"4":{"start":{"line":28,"column":2},"end":{"line":49,"column":4}},"5":{"start":{"line":39,"column":10},"end":{"line":45,"column":12}}},"fnMap":{"0":{"name":"(anonymous_0)","decl":{"start":{"line":23,"column":22},"end":{"line":23,"column":23}},"loc":{"start":{"line":23,"column":28},"end":{"line":50,"column":1}},"line":23},"1":{"name":"(anonymous_1)","decl":{"start":{"line":24,"column":12},"end":{"line":24,"column":13}},"loc":{"start":{"line":24,"column":18},"end":{"line":26,"column":3}},"line":24},"2":{"name":"(anonymous_2)","decl":{"start":{"line":25,"column":36},"end":{"line":25,"column":37}},"loc":{"start":{"line":25,"column":42},"end":{"line":25,"column":45}},"line":25},"3":{"name":"(anonymous_3)","decl":{"start":{"line":38,"column":25},"end":{"line":38,"column":26}},"loc":{"start":{"line":39,"column":10},"end":{"line":45,"column":12}},"line":39}},"branchMap":{},"s":{"0":1,"1":1,"2":3,"3":3,"4":3,"5":6},"f":{"0":3,"1":3,"2":0,"3":6},"b":{},"_coverageSchema":"1a1c01bbd47fc00a2c39e90264f33305004495a9","hash":"b3d411189d2a96bd25f2dea08eb5f7cfb716f945"}
,"C:\\Users\\JR\\Documents\\Sexto Semestre\\Programacion integrativa de componentes Web\\Parcial 2\\Proyecto\\ProyectoU2_PICW\\proyecto-simpson\\src\\pages\\estadisticas\\estadisticas.jsx": {"path":"C:\\Users\\JR\\Documents\\Sexto Semestre\\Programacion integrativa de componentes Web\\Parcial 2\\Proyecto\\ProyectoU2_PICW\\proyecto-simpson\\src\\pages\\estadisticas\\estadisticas.jsx","statementMap":{"0":{"start":{"line":5,"column":28},"end":{"line":76,"column":1}},"1":{"start":{"line":6,"column":42},"end":{"line":6,"column":53}},"2":{"start":{"line":7,"column":34},"end":{"line":7,"column":46}},"3":{"start":{"line":8,"column":34},"end":{"line":8,"column":48}},"4":{"start":{"line":10,"column":2},"end":{"line":13,"column":9}},"5":{"start":{"line":11,"column":4},"end":{"line":11,"column":52}},"6":{"start":{"line":12,"column":4},"end":{"line":12,"column":18}},"7":{"start":{"line":15,"column":22},"end":{"line":26,"column":3}},"8":{"start":{"line":16,"column":20},"end":{"line":16,"column":42}},"9":{"start":{"line":17,"column":4},"end":{"line":17,"column":29}},"10":{"start":{"line":19,"column":28},"end":{"line":19,"column":52}},"11":{"start":{"line":20,"column":4},"end":{"line":20,"column":33}},"12":{"start":{"line":22,"column":4},"end":{"line":25,"column":5}},"13":{"start":{"line":23,"column":19},"end":{"line":23,"column":75}},"14":{"start":{"line":23,"column":54},"end":{"line":23,"column":71}},"15":{"start":{"line":24,"column":6},"end":{"line":24,"column":62}},"16":{"start":{"line":28,"column":2},"end":{"line":75,"column":4}},"17":{"start":{"line":52,"column":14},"end":{"line":58,"column":19}}},"fnMap":{"0":{"name":"(anonymous_0)","decl":{"start":{"line":5,"column":28},"end":{"line":5,"column":29}},"loc":{"start":{"line":5,"column":34},"end":{"line":76,"column":1}},"line":5},"1":{"name":"(anonymous_1)","decl":{"start":{"line":10,"column":12},"end":{"line":10,"column":13}},"loc":{"start":{"line":10,"column":18},"end":{"line":13,"column":3}},"line":10},"2":{"name":"(anonymous_2)","decl":{"start":{"line":11,"column":42},"end":{"line":11,"column":43}},"loc":{"start":{"line":11,"column":48},"end":{"line":11,"column":50}},"line":11},"3":{"name":"(anonymous_3)","decl":{"start":{"line":15,"column":22},"end":{"line":15,"column":23}},"loc":{"start":{"line":15,"column":34},"end":{"line":26,"column":3}},"line":15},"4":{"name":"(anonymous_4)","decl":{"start":{"line":23,"column":42},"end":{"line":23,"column":43}},"loc":{"start":{"line":23,"column":54},"end":{"line":23,"column":71}},"line":23},"5":{"name":"(anonymous_5)","decl":{"start":{"line":51,"column":26},"end":{"line":51,"column":27}},"loc":{"start":{"line":52,"column":14},"end":{"line":58,"column":19}},"line":52}},"branchMap":{"0":{"loc":{"start":{"line":22,"column":4},"end":{"line":25,"column":5}},"type":"if","locations":[{"start":{"line":22,"column":4},"end":{"line":25,"column":5}},{"start":{},"end":{}}],"line":22},"1":{"loc":{"start":{"line":47,"column":9},"end":{"line":61,"column":9}},"type":"cond-expr","locations":[{"start":{"line":48,"column":10},"end":{"line":48,"column":49}},{"start":{"line":50,"column":10},"end":{"line":60,"column":15}}],"line":47},"2":{"loc":{"start":{"line":69,"column":13},"end":{"line":69,"column":47}},"type":"cond-expr","locations":[{"start":{"line":69,"column":33},"end":{"line":69,"column":41}},{"start":{"line":69,"column":44},"end":{"line":69,"column":47}}],"line":69}},"s":{"0":1,"1":4,"2":4,"3":4,"4":4,"5":3,"6":3,"7":4,"8":3,"9":3,"10":3,"11":3,"12":3,"13":3,"14":3,"15":3,"16":4,"17":1},"f":{"0":4,"1":3,"2":0,"3":3,"4":3,"5":1},"b":{"0":[3,0],"1":[3,1],"2":[1,3]},"_coverageSchema":"1a1c01bbd47fc00a2c39e90264f33305004495a9","hash":"88aa0886eff6db13aefd86eb0f6f3dabfb598af5"}
,"C:\\Users\\JR\\Documents\\Sexto Semestre\\Programacion integrativa de componentes Web\\Parcial 2\\Proyecto\\ProyectoU2_PICW\\proyecto-simpson\\src\\pages\\inicio\\inicio.jsx": {"path":"C:\\Users\\JR\\Documents\\Sexto Semestre\\Programacion integrativa de componentes Web\\Parcial 2\\Proyecto\\ProyectoU2_PICW\\proyecto-simpson\\src\\pages\\inicio\\inicio.jsx","statementMap":{"0":{"start":{"line":6,"column":22},"end":{"line":123,"column":1}},"1":{"start":{"line":7,"column":34},"end":{"line":7,"column":46}},"2":{"start":{"line":8,"column":36},"end":{"line":8,"column":48}},"3":{"start":{"line":9,"column":32},"end":{"line":9,"column":43}},"4":{"start":{"line":10,"column":28},"end":{"line":10,"column":42}},"5":{"start":{"line":12,"column":2},"end":{"line":29,"column":9}},"6":{"start":{"line":13,"column":22},"end":{"line":26,"column":5}},"7":{"start":{"line":14,"column":6},"end":{"line":25,"column":7}},"8":{"start":{"line":15,"column":25},"end":{"line":15,"column":49}},"9":{"start":{"line":16,"column":25},"end":{"line":16,"column":49}},"10":{"start":{"line":17,"column":29},"end":{"line":17,"column":51}},"11":{"start":{"line":19,"column":8},"end":{"line":19,"column":30}},"12":{"start":{"line":20,"column":8},"end":{"line":20,"column":43}},"13":{"start":{"line":21,"column":8},"end":{"line":21,"column":33}},"14":{"start":{"line":23,"column":8},"end":{"line":23,"column":53}},"15":{"start":{"line":24,"column":8},"end":{"line":24,"column":60}},"16":{"start":{"line":28,"column":4},"end":{"line":28,"column":16}},"17":{"start":{"line":31,"column":2},"end":{"line":122,"column":4}},"18":{"start":{"line":93,"column":16},"end":{"line":97,"column":21}},"19":{"start":{"line":110,"column":16},"end":{"line":113,"column":21}}},"fnMap":{"0":{"name":"(anonymous_0)","decl":{"start":{"line":6,"column":22},"end":{"line":6,"column":23}},"loc":{"start":{"line":6,"column":28},"end":{"line":123,"column":1}},"line":6},"1":{"name":"(anonymous_1)","decl":{"start":{"line":12,"column":12},"end":{"line":12,"column":13}},"loc":{"start":{"line":12,"column":18},"end":{"line":29,"column":3}},"line":12},"2":{"name":"(anonymous_2)","decl":{"start":{"line":13,"column":22},"end":{"line":13,"column":23}},"loc":{"start":{"line":13,"column":34},"end":{"line":26,"column":5}},"line":13},"3":{"name":"(anonymous_3)","decl":{"start":{"line":92,"column":28},"end":{"line":92,"column":29}},"loc":{"start":{"line":93,"column":16},"end":{"line":97,"column":21}},"line":93},"4":{"name":"(anonymous_4)","decl":{"start":{"line":109,"column":29},"end":{"line":109,"column":30}},"loc":{"start":{"line":110,"column":16},"end":{"line":113,"column":21}},"line":110}},"branchMap":{"0":{"loc":{"start":{"line":48,"column":7},"end":{"line":53,"column":7}},"type":"binary-expr","locations":[{"start":{"line":48,"column":7},"end":{"line":48,"column":12}},{"start":{"line":49,"column":8},"end":{"line":52,"column":14}}],"line":48},"1":{"loc":{"start":{"line":90,"column":11},"end":{"line":102,"column":11}},"type":"cond-expr","locations":[{"start":{"line":91,"column":12},"end":{"line":99,"column":17}},{"start":{"line":101,"column":12},"end":{"line":101,"column":67}}],"line":90},"2":{"loc":{"start":{"line":107,"column":11},"end":{"line":118,"column":11}},"type":"cond-expr","locations":[{"start":{"line":108,"column":12},"end":{"line":115,"column":17}},{"start":{"line":117,"column":12},"end":{"line":117,"column":60}}],"line":107}},"s":{"0":1,"1":3,"2":3,"3":3,"4":3,"5":3,"6":3,"7":3,"8":3,"9":3,"10":3,"11":3,"12":3,"13":3,"14":0,"15":0,"16":3,"17":3,"18":0,"19":0},"f":{"0":3,"1":3,"2":3,"3":0,"4":0},"b":{"0":[3,0],"1":[0,3],"2":[0,3]},"_coverageSchema":"1a1c01bbd47fc00a2c39e90264f33305004495a9","hash":"083a7e418c162009b787cbcdef4326d608915c13"}
,"C:\\Users\\JR\\Documents\\Sexto Semestre\\Programacion integrativa de componentes Web\\Parcial 2\\Proyecto\\ProyectoU2_PICW\\proyecto-simpson\\src\\pages\\login\\login.jsx": {"path":"C:\\Users\\JR\\Documents\\Sexto Semestre\\Programacion integrativa de componentes Web\\Parcial 2\\Proyecto\\ProyectoU2_PICW\\proyecto-simpson\\src\\pages\\login\\login.jsx","statementMap":{"0":{"start":{"line":7,"column":21},"end":{"line":172,"column":1}},"1":{"start":{"line":8,"column":19},"end":{"line":8,"column":32}},"2":{"start":{"line":9,"column":32},"end":{"line":9,"column":46}},"3":{"start":{"line":12,"column":32},"end":{"line":12,"column":44}},"4":{"start":{"line":13,"column":38},"end":{"line":13,"column":50}},"5":{"start":{"line":14,"column":30},"end":{"line":14,"column":42}},"6":{"start":{"line":15,"column":30},"end":{"line":15,"column":42}},"7":{"start":{"line":16,"column":30},"end":{"line":16,"column":42}},"8":{"start":{"line":18,"column":28},"end":{"line":18,"column":40}},"9":{"start":{"line":19,"column":32},"end":{"line":19,"column":44}},"10":{"start":{"line":21,"column":23},"end":{"line":48,"column":3}},"11":{"start":{"line":22,"column":4},"end":{"line":22,"column":23}},"12":{"start":{"line":23,"column":4},"end":{"line":23,"column":17}},"13":{"start":{"line":24,"column":4},"end":{"line":24,"column":19}},"14":{"start":{"line":26,"column":4},"end":{"line":47,"column":5}},"15":{"start":{"line":27,"column":6},"end":{"line":44,"column":7}},"16":{"start":{"line":29,"column":21},"end":{"line":29,"column":61}},"17":{"start":{"line":30,"column":8},"end":{"line":30,"column":106}},"18":{"start":{"line":31,"column":8},"end":{"line":31,"column":49}},"19":{"start":{"line":32,"column":8},"end":{"line":35,"column":17}},"20":{"start":{"line":33,"column":10},"end":{"line":33,"column":24}},"21":{"start":{"line":34,"column":10},"end":{"line":34,"column":35}},"22":{"start":{"line":38,"column":8},"end":{"line":38,"column":76}},"23":{"start":{"line":39,"column":8},"end":{"line":39,"column":85}},"24":{"start":{"line":40,"column":8},"end":{"line":43,"column":17}},"25":{"start":{"line":41,"column":10},"end":{"line":41,"column":27}},"26":{"start":{"line":42,"column":10},"end":{"line":42,"column":25}},"27":{"start":{"line":46,"column":6},"end":{"line":46,"column":71}},"28":{"start":{"line":50,"column":2},"end":{"line":171,"column":4}},"29":{"start":{"line":84,"column":33},"end":{"line":84,"column":59}},"30":{"start":{"line":100,"column":37},"end":{"line":100,"column":62}},"31":{"start":{"line":114,"column":37},"end":{"line":114,"column":62}},"32":{"start":{"line":128,"column":37},"end":{"line":128,"column":62}},"33":{"start":{"line":144,"column":33},"end":{"line":144,"column":62}},"34":{"start":{"line":161,"column":14},"end":{"line":161,"column":35}},"35":{"start":{"line":162,"column":14},"end":{"line":162,"column":27}},"36":{"start":{"line":163,"column":14},"end":{"line":163,"column":29}}},"fnMap":{"0":{"name":"(anonymous_0)","decl":{"start":{"line":7,"column":21},"end":{"line":7,"column":22}},"loc":{"start":{"line":7,"column":27},"end":{"line":172,"column":1}},"line":7},"1":{"name":"(anonymous_1)","decl":{"start":{"line":21,"column":23},"end":{"line":21,"column":24}},"loc":{"start":{"line":21,"column":36},"end":{"line":48,"column":3}},"line":21},"2":{"name":"(anonymous_2)","decl":{"start":{"line":32,"column":19},"end":{"line":32,"column":20}},"loc":{"start":{"line":32,"column":25},"end":{"line":35,"column":9}},"line":32},"3":{"name":"(anonymous_3)","decl":{"start":{"line":40,"column":19},"end":{"line":40,"column":20}},"loc":{"start":{"line":40,"column":25},"end":{"line":43,"column":9}},"line":40},"4":{"name":"(anonymous_4)","decl":{"start":{"line":84,"column":26},"end":{"line":84,"column":27}},"loc":{"start":{"line":84,"column":33},"end":{"line":84,"column":59}},"line":84},"5":{"name":"(anonymous_5)","decl":{"start":{"line":100,"column":30},"end":{"line":100,"column":31}},"loc":{"start":{"line":100,"column":37},"end":{"line":100,"column":62}},"line":100},"6":{"name":"(anonymous_6)","decl":{"start":{"line":114,"column":30},"end":{"line":114,"column":31}},"loc":{"start":{"line":114,"column":37},"end":{"line":114,"column":62}},"line":114},"7":{"name":"(anonymous_7)","decl":{"start":{"line":128,"column":30},"end":{"line":128,"column":31}},"loc":{"start":{"line":128,"column":37},"end":{"line":128,"column":62}},"line":128},"8":{"name":"(anonymous_8)","decl":{"start":{"line":144,"column":26},"end":{"line":144,"column":27}},"loc":{"start":{"line":144,"column":33},"end":{"line":144,"column":62}},"line":144},"9":{"name":"(anonymous_9)","decl":{"start":{"line":160,"column":21},"end":{"line":160,"column":22}},"loc":{"start":{"line":160,"column":27},"end":{"line":164,"column":13}},"line":160}},"branchMap":{"0":{"loc":{"start":{"line":27,"column":6},"end":{"line":44,"column":7}},"type":"if","locations":[{"start":{"line":27,"column":6},"end":{"line":44,"column":7}},{"start":{"line":36,"column":13},"end":{"line":44,"column":7}}],"line":27},"1":{"loc":{"start":{"line":46,"column":15},"end":{"line":46,"column":69}},"type":"binary-expr","locations":[{"start":{"line":46,"column":15},"end":{"line":46,"column":26}},{"start":{"line":46,"column":30},"end":{"line":46,"column":69}}],"line":46},"2":{"loc":{"start":{"line":55,"column":13},"end":{"line":55,"column":150}},"type":"cond-expr","locations":[{"start":{"line":55,"column":23},"end":{"line":55,"column":85}},{"start":{"line":55,"column":88},"end":{"line":55,"column":150}}],"line":55},"3":{"loc":{"start":{"line":58,"column":13},"end":{"line":58,"column":117}},"type":"cond-expr","locations":[{"start":{"line":58,"column":23},"end":{"line":58,"column":64}},{"start":{"line":58,"column":67},"end":{"line":58,"column":117}}],"line":58},"4":{"loc":{"start":{"line":62,"column":9},"end":{"line":66,"column":9}},"type":"binary-expr","locations":[{"start":{"line":62,"column":9},"end":{"line":62,"column":14}},{"start":{"line":63,"column":10},"end":{"line":65,"column":16}}],"line":62},"5":{"loc":{"start":{"line":68,"column":9},"end":{"line":72,"column":9}},"type":"binary-expr","locations":[{"start":{"line":68,"column":9},"end":{"line":68,"column":16}},{"start":{"line":69,"column":10},"end":{"line":71,"column":16}}],"line":68},"6":{"loc":{"start":{"line":90,"column":11},"end":{"line":134,"column":11}},"type":"binary-expr","locations":[{"start":{"line":90,"column":11},"end":{"line":90,"column":19}},{"start":{"line":91,"column":12},"end":{"line":133,"column":15}}],"line":90},"7":{"loc":{"start":{"line":151,"column":13},"end":{"line":151,"column":66}},"type":"cond-expr","locations":[{"start":{"line":151,"column":23},"end":{"line":151,"column":44}},{"start":{"line":151,"column":47},"end":{"line":151,"column":66}}],"line":151},"8":{"loc":{"start":{"line":156,"column":11},"end":{"line":156,"column":68}},"type":"cond-expr","locations":[{"start":{"line":156,"column":21},"end":{"line":156,"column":41}},{"start":{"line":156,"column":44},"end":{"line":156,"column":68}}],"line":156},"9":{"loc":{"start":{"line":166,"column":13},"end":{"line":166,"column":58}},"type":"cond-expr","locations":[{"start":{"line":166,"column":23},"end":{"line":166,"column":40}},{"start":{"line":166,"column":43},"end":{"line":166,"column":58}}],"line":166}},"s":{"0":1,"1":5,"2":5,"3":5,"4":5,"5":5,"6":5,"7":5,"8":5,"9":5,"10":5,"11":0,"12":0,"13":0,"14":0,"15":0,"16":0,"17":0,"18":0,"19":0,"20":0,"21":0,"22":0,"23":0,"24":0,"25":0,"26":0,"27":0,"28":5,"29":0,"30":0,"31":0,"32":0,"33":0,"34":1,"35":1,"36":1},"f":{"0":5,"1":0,"2":0,"3":0,"4":0,"5":0,"6":0,"7":0,"8":0,"9":1},"b":{"0":[0,0],"1":[0,0],"2":[4,1],"3":[4,1],"4":[5,0],"5":[5,0],"6":[5,1],"7":[4,1],"8":[4,1],"9":[4,1]},"_coverageSchema":"1a1c01bbd47fc00a2c39e90264f33305004495a9","hash":"64769ad527c8da4c2838e5271ec332079d9de126"}
,"C:\\Users\\JR\\Documents\\Sexto Semestre\\Programacion integrativa de componentes Web\\Parcial 2\\Proyecto\\ProyectoU2_PICW\\proyecto-simpson\\src\\pages\\noticias\\noticias.jsx": {"path":"C:\\Users\\JR\\Documents\\Sexto Semestre\\Programacion integrativa de componentes Web\\Parcial 2\\Proyecto\\ProyectoU2_PICW\\proyecto-simpson\\src\\pages\\noticias\\noticias.jsx","statementMap":{"0":{"start":{"line":7,"column":24},"end":{"line":68,"column":1}},"1":{"start":{"line":8,"column":34},"end":{"line":8,"column":46}},"2":{"start":{"line":9,"column":34},"end":{"line":9,"column":48}},"3":{"start":{"line":11,"column":2},"end":{"line":22,"column":9}},"4":{"start":{"line":12,"column":4},"end":{"line":12,"column":48}},"5":{"start":{"line":14,"column":26},"end":{"line":19,"column":5}},"6":{"start":{"line":15,"column":6},"end":{"line":15,"column":24}},"7":{"start":{"line":16,"column":19},"end":{"line":16,"column":53}},"8":{"start":{"line":17,"column":6},"end":{"line":17,"column":24}},"9":{"start":{"line":18,"column":6},"end":{"line":18,"column":25}},"10":{"start":{"line":21,"column":4},"end":{"line":21,"column":20}},"11":{"start":{"line":24,"column":2},"end":{"line":67,"column":4}},"12":{"start":{"line":44,"column":12},"end":{"line":58,"column":18}}},"fnMap":{"0":{"name":"(anonymous_0)","decl":{"start":{"line":7,"column":24},"end":{"line":7,"column":25}},"loc":{"start":{"line":7,"column":30},"end":{"line":68,"column":1}},"line":7},"1":{"name":"(anonymous_1)","decl":{"start":{"line":11,"column":12},"end":{"line":11,"column":13}},"loc":{"start":{"line":11,"column":18},"end":{"line":22,"column":3}},"line":11},"2":{"name":"(anonymous_2)","decl":{"start":{"line":12,"column":38},"end":{"line":12,"column":39}},"loc":{"start":{"line":12,"column":44},"end":{"line":12,"column":46}},"line":12},"3":{"name":"(anonymous_3)","decl":{"start":{"line":14,"column":26},"end":{"line":14,"column":27}},"loc":{"start":{"line":14,"column":38},"end":{"line":19,"column":5}},"line":14},"4":{"name":"(anonymous_4)","decl":{"start":{"line":43,"column":24},"end":{"line":43,"column":25}},"loc":{"start":{"line":44,"column":12},"end":{"line":58,"column":18}},"line":44}},"branchMap":{"0":{"loc":{"start":{"line":36,"column":7},"end":{"line":65,"column":7}},"type":"cond-expr","locations":[{"start":{"line":37,"column":8},"end":{"line":40,"column":14}},{"start":{"line":41,"column":10},"end":{"line":65,"column":7}}],"line":36},"1":{"loc":{"start":{"line":41,"column":10},"end":{"line":65,"column":7}},"type":"cond-expr","locations":[{"start":{"line":42,"column":8},"end":{"line":60,"column":14}},{"start":{"line":62,"column":8},"end":{"line":64,"column":14}}],"line":41}},"s":{"0":1,"1":3,"2":3,"3":3,"4":2,"5":2,"6":2,"7":2,"8":2,"9":2,"10":2,"11":3,"12":1},"f":{"0":3,"1":2,"2":0,"3":2,"4":1},"b":{"0":[2,1],"1":[1,0]},"_coverageSchema":"1a1c01bbd47fc00a2c39e90264f33305004495a9","hash":"466c69a5faf2533d1f32695ac0d1df2d292701fe"}
,"C:\\Users\\JR\\Documents\\Sexto Semestre\\Programacion integrativa de componentes Web\\Parcial 2\\Proyecto\\ProyectoU2_PICW\\proyecto-simpson\\src\\services\\db.js": {"path":"C:\\Users\\JR\\Documents\\Sexto Semestre\\Programacion integrativa de componentes Web\\Parcial 2\\Proyecto\\ProyectoU2_PICW\\proyecto-simpson\\src\\services\\db.js","statementMap":{"0":{"start":{"line":7,"column":26},"end":{"line":10,"column":1}},"1":{"start":{"line":8,"column":2},"end":{"line":8,"column":52}},"2":{"start":{"line":9,"column":2},"end":{"line":9,"column":14}},"3":{"start":{"line":12,"column":31},"end":{"line":25,"column":1}},"4":{"start":{"line":13,"column":2},"end":{"line":24,"column":3}},"5":{"start":{"line":14,"column":16},"end":{"line":18,"column":6}},"6":{"start":{"line":19,"column":4},"end":{"line":19,"column":49}},"7":{"start":{"line":19,"column":17},"end":{"line":19,"column":49}},"8":{"start":{"line":20,"column":4},"end":{"line":20,"column":28}},"9":{"start":{"line":22,"column":4},"end":{"line":22,"column":55}},"10":{"start":{"line":23,"column":4},"end":{"line":23,"column":16}},"11":{"start":{"line":27,"column":30},"end":{"line":37,"column":1}},"12":{"start":{"line":28,"column":2},"end":{"line":36,"column":3}},"13":{"start":{"line":29,"column":16},"end":{"line":29,"column":43}},"14":{"start":{"line":30,"column":4},"end":{"line":30,"column":49}},"15":{"start":{"line":30,"column":17},"end":{"line":30,"column":49}},"16":{"start":{"line":31,"column":17},"end":{"line":31,"column":33}},"17":{"start":{"line":32,"column":4},"end":{"line":32,"column":27}},"18":{"start":{"line":34,"column":4},"end":{"line":34,"column":54}},"19":{"start":{"line":35,"column":4},"end":{"line":35,"column":13}},"20":{"start":{"line":39,"column":30},"end":{"line":52,"column":1}},"21":{"start":{"line":40,"column":2},"end":{"line":51,"column":3}},"22":{"start":{"line":41,"column":16},"end":{"line":45,"column":6}},"23":{"start":{"line":46,"column":4},"end":{"line":46,"column":49}},"24":{"start":{"line":46,"column":17},"end":{"line":46,"column":49}},"25":{"start":{"line":47,"column":4},"end":{"line":47,"column":28}},"26":{"start":{"line":49,"column":4},"end":{"line":49,"column":54}},"27":{"start":{"line":50,"column":4},"end":{"line":50,"column":16}},"28":{"start":{"line":54,"column":31},"end":{"line":64,"column":1}},"29":{"start":{"line":55,"column":2},"end":{"line":63,"column":3}},"30":{"start":{"line":56,"column":16},"end":{"line":56,"column":75}},"31":{"start":{"line":57,"column":16},"end":{"line":57,"column":32}},"32":{"start":{"line":58,"column":4},"end":{"line":58,"column":49}},"33":{"start":{"line":58,"column":17},"end":{"line":58,"column":49}},"34":{"start":{"line":59,"column":4},"end":{"line":59,"column":28}},"35":{"start":{"line":61,"column":4},"end":{"line":61,"column":55}},"36":{"start":{"line":62,"column":4},"end":{"line":62,"column":14}},"37":{"start":{"line":66,"column":31},"end":{"line":79,"column":1}},"38":{"start":{"line":67,"column":2},"end":{"line":78,"column":3}},"39":{"start":{"line":68,"column":16},"end":{"line":72,"column":6}},"40":{"start":{"line":73,"column":4},"end":{"line":73,"column":49}},"41":{"start":{"line":73,"column":17},"end":{"line":73,"column":49}},"42":{"start":{"line":74,"column":4},"end":{"line":74,"column":28}},"43":{"start":{"line":76,"column":4},"end":{"line":76,"column":55}},"44":{"start":{"line":77,"column":4},"end":{"line":77,"column":16}},"45":{"start":{"line":81,"column":32},"end":{"line":90,"column":1}},"46":{"start":{"line":82,"column":2},"end":{"line":89,"column":3}},"47":{"start":{"line":83,"column":16},"end":{"line":83,"column":45}},"48":{"start":{"line":84,"column":4},"end":{"line":84,"column":49}},"49":{"start":{"line":84,"column":17},"end":{"line":84,"column":49}},"50":{"start":{"line":85,"column":4},"end":{"line":85,"column":28}},"51":{"start":{"line":87,"column":4},"end":{"line":87,"column":56}},"52":{"start":{"line":88,"column":4},"end":{"line":88,"column":14}},"53":{"start":{"line":92,"column":32},"end":{"line":101,"column":1}},"54":{"start":{"line":93,"column":2},"end":{"line":100,"column":3}},"55":{"start":{"line":94,"column":16},"end":{"line":94,"column":45}},"56":{"start":{"line":95,"column":4},"end":{"line":95,"column":49}},"57":{"start":{"line":95,"column":17},"end":{"line":95,"column":49}},"58":{"start":{"line":96,"column":4},"end":{"line":96,"column":28}},"59":{"start":{"line":98,"column":4},"end":{"line":98,"column":56}},"60":{"start":{"line":99,"column":4},"end":{"line":99,"column":14}},"61":{"start":{"line":103,"column":30},"end":{"line":116,"column":1}},"62":{"start":{"line":104,"column":2},"end":{"line":115,"column":3}},"63":{"start":{"line":105,"column":16},"end":{"line":109,"column":6}},"64":{"start":{"line":110,"column":4},"end":{"line":110,"column":49}},"65":{"start":{"line":110,"column":17},"end":{"line":110,"column":49}},"66":{"start":{"line":111,"column":4},"end":{"line":111,"column":28}},"67":{"start":{"line":113,"column":4},"end":{"line":113,"column":54}},"68":{"start":{"line":114,"column":4},"end":{"line":114,"column":16}},"69":{"start":{"line":118,"column":29},"end":{"line":132,"column":1}},"70":{"start":{"line":119,"column":2},"end":{"line":131,"column":3}},"71":{"start":{"line":120,"column":16},"end":{"line":124,"column":6}},"72":{"start":{"line":125,"column":17},"end":{"line":125,"column":33}},"73":{"start":{"line":126,"column":4},"end":{"line":126,"column":65}},"74":{"start":{"line":126,"column":17},"end":{"line":126,"column":65}},"75":{"start":{"line":127,"column":4},"end":{"line":127,"column":16}},"76":{"start":{"line":129,"column":4},"end":{"line":129,"column":53}},"77":{"start":{"line":130,"column":4},"end":{"line":130,"column":16}},"78":{"start":{"line":134,"column":32},"end":{"line":148,"column":1}},"79":{"start":{"line":135,"column":2},"end":{"line":147,"column":3}},"80":{"start":{"line":136,"column":16},"end":{"line":140,"column":6}},"81":{"start":{"line":141,"column":17},"end":{"line":141,"column":33}},"82":{"start":{"line":142,"column":4},"end":{"line":142,"column":68}},"83":{"start":{"line":142,"column":17},"end":{"line":142,"column":68}},"84":{"start":{"line":143,"column":4},"end":{"line":143,"column":16}},"85":{"start":{"line":145,"column":4},"end":{"line":145,"column":56}},"86":{"start":{"line":146,"column":4},"end":{"line":146,"column":16}}},"fnMap":{"0":{"name":"(anonymous_0)","decl":{"start":{"line":7,"column":26},"end":{"line":7,"column":27}},"loc":{"start":{"line":7,"column":32},"end":{"line":10,"column":1}},"line":7},"1":{"name":"(anonymous_1)","decl":{"start":{"line":12,"column":31},"end":{"line":12,"column":32}},"loc":{"start":{"line":12,"column":49},"end":{"line":25,"column":1}},"line":12},"2":{"name":"(anonymous_2)","decl":{"start":{"line":27,"column":30},"end":{"line":27,"column":31}},"loc":{"start":{"line":27,"column":42},"end":{"line":37,"column":1}},"line":27},"3":{"name":"(anonymous_3)","decl":{"start":{"line":39,"column":30},"end":{"line":39,"column":31}},"loc":{"start":{"line":39,"column":69},"end":{"line":52,"column":1}},"line":39},"4":{"name":"(anonymous_4)","decl":{"start":{"line":54,"column":31},"end":{"line":54,"column":32}},"loc":{"start":{"line":54,"column":49},"end":{"line":64,"column":1}},"line":54},"5":{"name":"(anonymous_5)","decl":{"start":{"line":66,"column":31},"end":{"line":66,"column":32}},"loc":{"start":{"line":66,"column":65},"end":{"line":79,"column":1}},"line":66},"6":{"name":"(anonymous_6)","decl":{"start":{"line":81,"column":32},"end":{"line":81,"column":33}},"loc":{"start":{"line":81,"column":44},"end":{"line":90,"column":1}},"line":81},"7":{"name":"(anonymous_7)","decl":{"start":{"line":92,"column":32},"end":{"line":92,"column":33}},"loc":{"start":{"line":92,"column":44},"end":{"line":101,"column":1}},"line":92},"8":{"name":"(anonymous_8)","decl":{"start":{"line":103,"column":30},"end":{"line":103,"column":31}},"loc":{"start":{"line":103,"column":90},"end":{"line":116,"column":1}},"line":103},"9":{"name":"(anonymous_9)","decl":{"start":{"line":118,"column":29},"end":{"line":118,"column":30}},"loc":{"start":{"line":118,"column":60},"end":{"line":132,"column":1}},"line":118},"10":{"name":"(anonymous_10)","decl":{"start":{"line":134,"column":32},"end":{"line":134,"column":33}},"loc":{"start":{"line":134,"column":87},"end":{"line":148,"column":1}},"line":134}},"branchMap":{"0":{"loc":{"start":{"line":19,"column":4},"end":{"line":19,"column":49}},"type":"if","locations":[{"start":{"line":19,"column":4},"end":{"line":19,"column":49}},{"start":{},"end":{}}],"line":19},"1":{"loc":{"start":{"line":30,"column":4},"end":{"line":30,"column":49}},"type":"if","locations":[{"start":{"line":30,"column":4},"end":{"line":30,"column":49}},{"start":{},"end":{}}],"line":30},"2":{"loc":{"start":{"line":32,"column":11},"end":{"line":32,"column":26}},"type":"binary-expr","locations":[{"start":{"line":32,"column":11},"end":{"line":32,"column":21}},{"start":{"line":32,"column":25},"end":{"line":32,"column":26}}],"line":32},"3":{"loc":{"start":{"line":46,"column":4},"end":{"line":46,"column":49}},"type":"if","locations":[{"start":{"line":46,"column":4},"end":{"line":46,"column":49}},{"start":{},"end":{}}],"line":46},"4":{"loc":{"start":{"line":56,"column":16},"end":{"line":56,"column":75}},"type":"cond-expr","locations":[{"start":{"line":56,"column":25},"end":{"line":56,"column":57}},{"start":{"line":56,"column":60},"end":{"line":56,"column":75}}],"line":56},"5":{"loc":{"start":{"line":58,"column":4},"end":{"line":58,"column":49}},"type":"if","locations":[{"start":{"line":58,"column":4},"end":{"line":58,"column":49}},{"start":{},"end":{}}],"line":58},"6":{"loc":{"start":{"line":73,"column":4},"end":{"line":73,"column":49}},"type":"if","locations":[{"start":{"line":73,"column":4},"end":{"line":73,"column":49}},{"start":{},"end":{}}],"line":73},"7":{"loc":{"start":{"line":84,"column":4},"end":{"line":84,"column":49}},"type":"if","locations":[{"start":{"line":84,"column":4},"end":{"line":84,"column":49}},{"start":{},"end":{}}],"line":84},"8":{"loc":{"start":{"line":95,"column":4},"end":{"line":95,"column":49}},"type":"if","locations":[{"start":{"line":95,"column":4},"end":{"line":95,"column":49}},{"start":{},"end":{}}],"line":95},"9":{"loc":{"start":{"line":103,"column":48},"end":{"line":103,"column":85}},"type":"default-arg","locations":[{"start":{"line":103,"column":62},"end":{"line":103,"column":85}}],"line":103},"10":{"loc":{"start":{"line":110,"column":4},"end":{"line":110,"column":49}},"type":"if","locations":[{"start":{"line":110,"column":4},"end":{"line":110,"column":49}},{"start":{},"end":{}}],"line":110},"11":{"loc":{"start":{"line":126,"column":4},"end":{"line":126,"column":65}},"type":"if","locations":[{"start":{"line":126,"column":4},"end":{"line":126,"column":65}},{"start":{},"end":{}}],"line":126},"12":{"loc":{"start":{"line":126,"column":33},"end":{"line":126,"column":63}},"type":"binary-expr","locations":[{"start":{"line":126,"column":33},"end":{"line":126,"column":43}},{"start":{"line":126,"column":47},"end":{"line":126,"column":63}}],"line":126},"13":{"loc":{"start":{"line":142,"column":4},"end":{"line":142,"column":68}},"type":"if","locations":[{"start":{"line":142,"column":4},"end":{"line":142,"column":68}},{"start":{},"end":{}}],"line":142},"14":{"loc":{"start":{"line":142,"column":33},"end":{"line":142,"column":66}},"type":"binary-expr","locations":[{"start":{"line":142,"column":33},"end":{"line":142,"column":43}},{"start":{"line":142,"column":47},"end":{"line":142,"column":66}}],"line":142}},"s":{"0":1,"1":0,"2":0,"3":1,"4":0,"5":0,"6":0,"7":0,"8":0,"9":0,"10":0,"11":1,"12":0,"13":0,"14":0,"15":0,"16":0,"17":0,"18":0,"19":0,"20":1,"21":0,"22":0,"23":0,"24":0,"25":0,"26":0,"27":0,"28":1,"29":0,"30":0,"31":0,"32":0,"33":0,"34":0,"35":0,"36":0,"37":1,"38":0,"39":0,"40":0,"41":0,"42":0,"43":0,"44":0,"45":1,"46":0,"47":0,"48":0,"49":0,"50":0,"51":0,"52":0,"53":1,"54":0,"55":0,"56":0,"57":0,"58":0,"59":0,"60":0,"61":1,"62":0,"63":0,"64":0,"65":0,"66":0,"67":0,"68":0,"69":1,"70":0,"71":0,"72":0,"73":0,"74":0,"75":0,"76":0,"77":0,"78":1,"79":0,"80":0,"81":0,"82":0,"83":0,"84":0,"85":0,"86":0},"f":{"0":0,"1":0,"2":0,"3":0,"4":0,"5":0,"6":0,"7":0,"8":0,"9":0,"10":0},"b":{"0":[0,0],"1":[0,0],"2":[0,0],"3":[0,0],"4":[0,0],"5":[0,0],"6":[0,0],"7":[0,0],"8":[0,0],"9":[0],"10":[0,0],"11":[0,0],"12":[0,0],"13":[0,0],"14":[0,0]},"_coverageSchema":"1a1c01bbd47fc00a2c39e90264f33305004495a9","hash":"a4d08b1bdf6fb05a4838383f33e6ffa8bb3e3c37"}
,"C:\\Users\\JR\\Documents\\Sexto Semestre\\Programacion integrativa de componentes Web\\Parcial 2\\Proyecto\\ProyectoU2_PICW\\proyecto-simpson\\src\\services\\simpson.js": {"path":"C:\\Users\\JR\\Documents\\Sexto Semestre\\Programacion integrativa de componentes Web\\Parcial 2\\Proyecto\\ProyectoU2_PICW\\proyecto-simpson\\src\\services\\simpson.js","statementMap":{"0":{"start":{"line":5,"column":25},"end":{"line":45,"column":1}},"1":{"start":{"line":7,"column":2},"end":{"line":9,"column":3}},"2":{"start":{"line":8,"column":4},"end":{"line":8,"column":74}},"3":{"start":{"line":10,"column":2},"end":{"line":12,"column":3}},"4":{"start":{"line":11,"column":4},"end":{"line":11,"column":72}},"5":{"start":{"line":15,"column":22},"end":{"line":15,"column":53}},"6":{"start":{"line":19,"column":12},"end":{"line":27,"column":3}},"7":{"start":{"line":20,"column":4},"end":{"line":26,"column":5}},"8":{"start":{"line":22,"column":19},"end":{"line":22,"column":77}},"9":{"start":{"line":23,"column":6},"end":{"line":23,"column":21}},"10":{"start":{"line":25,"column":6},"end":{"line":25,"column":69}},"11":{"start":{"line":29,"column":12},"end":{"line":29,"column":23}},"12":{"start":{"line":31,"column":20},"end":{"line":31,"column":21}},"13":{"start":{"line":32,"column":18},"end":{"line":32,"column":19}},"14":{"start":{"line":34,"column":2},"end":{"line":41,"column":3}},"15":{"start":{"line":34,"column":15},"end":{"line":34,"column":16}},"16":{"start":{"line":35,"column":15},"end":{"line":35,"column":24}},"17":{"start":{"line":36,"column":4},"end":{"line":40,"column":5}},"18":{"start":{"line":37,"column":6},"end":{"line":37,"column":25}},"19":{"start":{"line":39,"column":6},"end":{"line":39,"column":27}},"20":{"start":{"line":43,"column":20},"end":{"line":43,"column":77}},"21":{"start":{"line":44,"column":2},"end":{"line":44,"column":19}}},"fnMap":{"0":{"name":"(anonymous_0)","decl":{"start":{"line":5,"column":25},"end":{"line":5,"column":26}},"loc":{"start":{"line":5,"column":50},"end":{"line":45,"column":1}},"line":5},"1":{"name":"(anonymous_1)","decl":{"start":{"line":19,"column":12},"end":{"line":19,"column":13}},"loc":{"start":{"line":19,"column":19},"end":{"line":27,"column":3}},"line":19}},"branchMap":{"0":{"loc":{"start":{"line":7,"column":2},"end":{"line":9,"column":3}},"type":"if","locations":[{"start":{"line":7,"column":2},"end":{"line":9,"column":3}},{"start":{},"end":{}}],"line":7},"1":{"loc":{"start":{"line":10,"column":2},"end":{"line":12,"column":3}},"type":"if","locations":[{"start":{"line":10,"column":2},"end":{"line":12,"column":3}},{"start":{},"end":{}}],"line":10},"2":{"loc":{"start":{"line":36,"column":4},"end":{"line":40,"column":5}},"type":"if","locations":[{"start":{"line":36,"column":4},"end":{"line":40,"column":5}},{"start":{"line":38,"column":11},"end":{"line":40,"column":5}}],"line":36}},"s":{"0":5,"1":3,"2":2,"3":1,"4":0,"5":1,"6":1,"7":5,"8":5,"9":5,"10":0,"11":1,"12":1,"13":1,"14":1,"15":1,"16":3,"17":3,"18":1,"19":2,"20":1,"21":1},"f":{"0":3,"1":5},"b":{"0":[2,1],"1":[0,1],"2":[1,2]},"_coverageSchema":"1a1c01bbd47fc00a2c39e90264f33305004495a9","hash":"47bb9ee34d7d71a769496dc54752b81b8876a68f"}
}
